<?xml version="1.0" encoding="UTF-8"?>
<!-- Generated by org.testng.reporters.JUnitReportReporter -->
<testsuite skipped="0" hostname="f45c899d4237" name="day4Programming.SwitchStatementExample" tests="1" failures="0" timestamp="04 Oct 2018 02:36:41 GMT" time="0.001" errors="0">
  <testcase name="calculator" time="0.001" classname="day4Programming.SwitchStatementExample"/>
</testsuite> <!-- day4Programming.SwitchStatementExample -->
