<?xml version="1.0" encoding="UTF-8"?>
<!-- Generated by org.testng.reporters.JUnitReportReporter -->
<testsuite skipped="0" hostname="f45c899d4237" name="day5Programming.StringPractice" tests="2" failures="0" timestamp="04 Oct 2018 02:36:41 GMT" time="0.004" errors="0">
  <testcase name="stringExample" time="0.002" classname="day5Programming.StringPractice"/>
  <testcase name="fetchNamesFromEmailIDs" time="0.002" classname="day5Programming.StringPractice"/>
</testsuite> <!-- day5Programming.StringPractice -->
