<?xml version="1.0" encoding="UTF-8"?>
<!-- Generated by org.testng.reporters.JUnitReportReporter -->
<testsuite skipped="0" hostname="f45c899d4237" name="day3Programming.OperatorsPractcie" tests="4" failures="0" timestamp="04 Oct 2018 02:36:41 GMT" time="0.012" errors="0">
  <testcase name="assignmentOperations" time="0.001" classname="day3Programming.OperatorsPractcie"/>
  <testcase name="arithmeticOperations" time="0.009" classname="day3Programming.OperatorsPractcie"/>
  <testcase name="logicalOperations" time="0.001" classname="day3Programming.OperatorsPractcie"/>
  <testcase name="relationOperations" time="0.001" classname="day3Programming.OperatorsPractcie"/>
</testsuite> <!-- day3Programming.OperatorsPractcie -->
